<?xml version="1.0" encoding="UTF-8"?>
<!-- Generated by org.testng.reporters.JUnitReportReporter -->
<testsuite hostname="VNNOT01519" failures="0" tests="1" name="testcases.CustomerTest" time="24.625" errors="0" timestamp="2025-07-02T11:12:27 ICT" skipped="0">
  <testcase classname="testcases.CustomerTest" name="verifyCreateUpdateDeleteCustomerSuccess" time="24.625"/>
  <system-out/>
</testsuite> <!-- testcases.CustomerTest -->
