<?xml version="1.0" encoding="UTF-8"?>
<!-- Generated by org.testng.reporters.JUnitReportReporter -->
<testsuite hostname="VNNOT01519" failures="0" tests="1" name="testcases.ProjectTest" time="22.692" errors="0" timestamp="2025-07-02T11:12:27 ICT" skipped="0">
  <testcase classname="testcases.ProjectTest" name="verifyProjectOfCustomer" time="22.692"/>
  <system-out/>
</testsuite> <!-- testcases.ProjectTest -->
